0 info it worked if it ends with ok
1 verbose cli [ '/home/smcintyre/.nvm/v0.10.28/bin/node',
1 verbose cli   '/home/smcintyre/.nvm/v0.10.28/bin/npm',
1 verbose cli   'install' ]
2 info using npm@1.4.9
3 info using node@v0.10.28
4 verbose readDependencies using package.json deps
5 verbose install where, deps [ '/home/smcintyre/workspace/ravel/sample', [ 'ravel' ] ]
6 info preinstall ravel_sample_app@0.0.1
7 verbose readDependencies using package.json deps
8 verbose cache add [ 'ravel@*', null ]
9 verbose cache add name=undefined spec="ravel@*" args=["ravel@*",null]
10 verbose parsed url { protocol: null,
10 verbose parsed url   slashes: null,
10 verbose parsed url   auth: null,
10 verbose parsed url   host: null,
10 verbose parsed url   port: null,
10 verbose parsed url   hostname: null,
10 verbose parsed url   hash: null,
10 verbose parsed url   search: null,
10 verbose parsed url   query: null,
10 verbose parsed url   pathname: 'ravel@*',
10 verbose parsed url   path: 'ravel@*',
10 verbose parsed url   href: 'ravel@*' }
11 verbose cache add name="ravel" spec="*" args=["ravel","*"]
12 verbose parsed url { protocol: null,
12 verbose parsed url   slashes: null,
12 verbose parsed url   auth: null,
12 verbose parsed url   host: null,
12 verbose parsed url   port: null,
12 verbose parsed url   hostname: null,
12 verbose parsed url   hash: null,
12 verbose parsed url   search: null,
12 verbose parsed url   query: null,
12 verbose parsed url   pathname: '*',
12 verbose parsed url   path: '*',
12 verbose parsed url   href: '*' }
13 verbose addNamed [ 'ravel', '*' ]
14 verbose addNamed [ null, '*' ]
15 silly lockFile 1b978edc-ravel ravel@*
16 verbose lock ravel@* /home/smcintyre/.npm/1b978edc-ravel.lock
17 silly addNameRange { name: 'ravel', range: '*', hasData: false }
18 verbose url raw ravel
19 verbose url resolving [ 'https://registry.npmjs.org/', './ravel' ]
20 verbose url resolved https://registry.npmjs.org/ravel
21 info trying registry request attempt 1 at 19:15:30
22 http GET https://registry.npmjs.org/ravel
23 http 404 https://registry.npmjs.org/ravel
24 verbose headers { date: 'Sun, 31 Aug 2014 23:15:31 GMT',
24 verbose headers   server: 'CouchDB/1.5.0 (Erlang OTP/R16B03)',
24 verbose headers   'content-type': 'application/json',
24 verbose headers   'cache-control': 'max-age=0',
24 verbose headers   'content-length': '52',
24 verbose headers   'accept-ranges': 'bytes',
24 verbose headers   via: '1.1 varnish',
24 verbose headers   age: '0',
24 verbose headers   'x-served-by': 'cache-ord1731-ORD',
24 verbose headers   'x-cache': 'MISS',
24 verbose headers   'x-cache-hits': '0',
24 verbose headers   'x-timer': 'S1409526930.964363,VS0,VE271',
24 verbose headers   'keep-alive': 'timeout=10, max=50',
24 verbose headers   connection: 'Keep-Alive' }
25 silly registry.get cb [ 404,
25 silly registry.get   { date: 'Sun, 31 Aug 2014 23:15:31 GMT',
25 silly registry.get     server: 'CouchDB/1.5.0 (Erlang OTP/R16B03)',
25 silly registry.get     'content-type': 'application/json',
25 silly registry.get     'cache-control': 'max-age=0',
25 silly registry.get     'content-length': '52',
25 silly registry.get     'accept-ranges': 'bytes',
25 silly registry.get     via: '1.1 varnish',
25 silly registry.get     age: '0',
25 silly registry.get     'x-served-by': 'cache-ord1731-ORD',
25 silly registry.get     'x-cache': 'MISS',
25 silly registry.get     'x-cache-hits': '0',
25 silly registry.get     'x-timer': 'S1409526930.964363,VS0,VE271',
25 silly registry.get     'keep-alive': 'timeout=10, max=50',
25 silly registry.get     connection: 'Keep-Alive' } ]
26 silly lockFile 1b978edc-ravel ravel@*
27 silly lockFile 1b978edc-ravel ravel@*
28 error 404 404 Not Found: ravel
28 error 404
28 error 404 'ravel' is not in the npm registry.
28 error 404 You should bug the author to publish it
28 error 404 It was specified as a dependency of 'ravel_sample_app'
28 error 404
28 error 404 Note that you can also install from a
28 error 404 tarball, folder, or http url, or git url.
29 error System Linux 3.13.0-34-generic
30 error command "/home/smcintyre/.nvm/v0.10.28/bin/node" "/home/smcintyre/.nvm/v0.10.28/bin/npm" "install"
31 error cwd /home/smcintyre/workspace/ravel/sample
32 error node -v v0.10.28
33 error npm -v 1.4.9
34 error code E404
35 verbose exit [ 1, true ]
